<?xml version="1.0" encoding="UTF-8"?>
<testng-results skipped="0" failed="0" ignored="0" total="0" passed="0">
  <reporter-output>
  </reporter-output>
  <suite name="Suite" duration-ms="932" started-at="2019-10-14T15:24:26Z" finished-at="2019-10-14T15:24:27Z">
    <groups>
      <group name="cucumber">
        <method signature="AbstractTestNGCucumberTests.feature(cucumber.api.testng.CucumberFeatureWrapper)[pri:0, instance:runner.testrunner@109b8da]" name="feature" class="cucumber.api.testng.AbstractTestNGCucumberTests"/>
      </group> <!-- cucumber -->
    </groups>
    <test name="Test" duration-ms="932" started-at="2019-10-14T15:24:26Z" finished-at="2019-10-14T15:24:27Z">
      <class name="runner.testrunner">
        <test-method status="PASS" signature="setUpClass()[pri:0, instance:runner.testrunner@109b8da]" name="setUpClass" is-config="true" duration-ms="579" started-at="2019-10-14T15:24:26Z" finished-at="2019-10-14T15:24:27Z">
          <reporter-output>
          </reporter-output>
        </test-method> <!-- setUpClass -->
        <test-method status="PASS" signature="tearDownClass()[pri:0, instance:runner.testrunner@109b8da]" name="tearDownClass" is-config="true" duration-ms="52" started-at="2019-10-14T15:24:27Z" finished-at="2019-10-14T15:24:27Z">
          <reporter-output>
          </reporter-output>
        </test-method> <!-- tearDownClass -->
      </class> <!-- runner.testrunner -->
    </test> <!-- Test -->
  </suite> <!-- Suite -->
</testng-results>
